New log file opened at Tue Apr 14 16:21:21 CEST 2015 by 7288@Aitor
Getting compiler-interface from component compiler for Scala 2.11.1
Other repositories:
Default repositories:
Getting compiler-interface from component compiler for Scala 2.11.1
Other repositories:
Default repositories:
Running cached compiler 29db98f8, interfacing (CompilerInterface) with Scala compiler version 2.11.1
Calling Scala compiler with arguments  (CompilerInterface):
	-deprecation
	-unchecked
	-encoding
	utf8
	-bootclasspath
	C:\Program Files\Java\jdk1.8.0_20\jre\lib\resources.jar;C:\Program Files\Java\jdk1.8.0_20\jre\lib\rt.jar;C:\Program Files\Java\jdk1.8.0_20\jre\lib\sunrsasign.jar;C:\Program Files\Java\jdk1.8.0_20\jre\lib\jsse.jar;C:\Program Files\Java\jdk1.8.0_20\jre\lib\jce.jar;C:\Program Files\Java\jdk1.8.0_20\jre\lib\charsets.jar;C:\Program Files\Java\jdk1.8.0_20\jre\lib\jfr.jar;C:\Program Files\Java\jdk1.8.0_20\jre\classes;C:\Users\Rinok\Desktop\activator-1.3.2\repository\org.scala-lang\scala-library\2.11.1\jars\scala-library.jar
	-classpath
	C:\Trivial5a\WebTrivial5a\target\scala-2.11\classes;C:\Users\Rinok\.ivy2\cache\com.typesafe.play\twirl-api_2.11\jars\twirl-api_2.11-1.0.2.jar;C:\Users\Rinok\.ivy2\cache\org.apache.commons\commons-lang3\jars\commons-lang3-3.1.jar;C:\Users\Rinok\.ivy2\cache\com.typesafe.play\play_2.11\jars\play_2.11-2.3.8.jar;C:\Users\Rinok\.ivy2\cache\com.typesafe.play\build-link\jars\build-link-2.3.8.jar;C:\Users\Rinok\.ivy2\cache\com.typesafe.play\play-exceptions\jars\play-exceptions-2.3.8.jar;C:\Users\Rinok\.ivy2\cache\com.typesafe.play\play-iteratees_2.11\jars\play-iteratees_2.11-2.3.8.jar;C:\Users\Rinok\.ivy2\cache\org.scala-stm\scala-stm_2.11\jars\scala-stm_2.11-0.7.jar;C:\Users\Rinok\.ivy2\cache\com.typesafe\config\bundles\config-1.2.1.jar;C:\Users\Rinok\.ivy2\cache\com.typesafe.play\play-json_2.11\jars\play-json_2.11-2.3.8.jar;C:\Users\Rinok\.ivy2\cache\com.typesafe.play\play-functional_2.11\jars\play-functional_2.11-2.3.8.jar;C:\Users\Rinok\.ivy2\cache\com.typesafe.play\play-datacommons_2.11\jars\play-datacommons_2.11-2.3.8.jar;C:\Users\Rinok\.ivy2\cache\joda-time\joda-time\jars\joda-time-2.3.jar;C:\Users\Rinok\.ivy2\cache\org.joda\joda-convert\jars\joda-convert-1.6.jar;C:\Users\Rinok\.ivy2\cache\com.fasterxml.jackson.core\jackson-annotations\bundles\jackson-annotations-2.3.2.jar;C:\Users\Rinok\.ivy2\cache\com.fasterxml.jackson.core\jackson-core\bundles\jackson-core-2.3.2.jar;C:\Users\Rinok\.ivy2\cache\com.fasterxml.jackson.core\jackson-databind\bundles\jackson-databind-2.3.2.jar;C:\Users\Rinok\.ivy2\cache\io.netty\netty\bundles\netty-3.9.3.Final.jar;C:\Users\Rinok\.ivy2\cache\com.typesafe.netty\netty-http-pipelining\jars\netty-http-pipelining-1.1.2.jar;C:\Users\Rinok\.ivy2\cache\org.slf4j\jul-to-slf4j\jars\jul-to-slf4j-1.7.6.jar;C:\Users\Rinok\.ivy2\cache\org.slf4j\jcl-over-slf4j\jars\jcl-over-slf4j-1.7.6.jar;C:\Users\Rinok\.ivy2\cache\ch.qos.logback\logback-core\jars\logback-core-1.1.1.jar;C:\Users\Rinok\.ivy2\cache\ch.qos.logback\logback-classic\jars\logback-classic-1.1.1.jar;C:\Users\Rinok\Desktop\activator-1.3.2\repository\com.typesafe.akka\akka-slf4j_2.11\2.3.4\jars\akka-slf4j_2.11.jar;C:\Users\Rinok\.ivy2\cache\commons-codec\commons-codec\jars\commons-codec-1.9.jar;C:\Users\Rinok\.ivy2\cache\xerces\xercesImpl\jars\xercesImpl-2.11.0.jar;C:\Users\Rinok\.ivy2\cache\xml-apis\xml-apis\jars\xml-apis-1.4.01.jar;C:\Users\Rinok\.ivy2\cache\javax.transaction\jta\jars\jta-1.1.jar;C:\Users\Rinok\.ivy2\cache\com.typesafe.play\play-java_2.11\jars\play-java_2.11-2.3.8.jar;C:\Users\Rinok\.ivy2\cache\org.yaml\snakeyaml\bundles\snakeyaml-1.13.jar;C:\Users\Rinok\.ivy2\cache\org.hibernate\hibernate-validator\jars\hibernate-validator-5.0.3.Final.jar;C:\Users\Rinok\.ivy2\cache\javax.validation\validation-api\jars\validation-api-1.1.0.Final.jar;C:\Users\Rinok\.ivy2\cache\com.fasterxml\classmate\bundles\classmate-1.0.0.jar;C:\Users\Rinok\.ivy2\cache\org.jboss.logging\jboss-logging\jars\jboss-logging-3.2.0.Final.jar;C:\Users\Rinok\.ivy2\cache\org.springframework\spring-context\jars\spring-context-4.0.3.RELEASE.jar;C:\Users\Rinok\.ivy2\cache\org.springframework\spring-core\jars\spring-core-4.0.3.RELEASE.jar;C:\Users\Rinok\.ivy2\cache\org.springframework\spring-beans\jars\spring-beans-4.0.3.RELEASE.jar;C:\Users\Rinok\.ivy2\cache\org.javassist\javassist\bundles\javassist-3.19.0-GA.jar;C:\Users\Rinok\.ivy2\cache\org.reflections\reflections\jars\reflections-0.9.8.jar;C:\Users\Rinok\.ivy2\cache\com.google.guava\guava\bundles\guava-16.0.1.jar;C:\Users\Rinok\.ivy2\cache\dom4j\dom4j\jars\dom4j-1.6.1.jar;C:\Users\Rinok\Desktop\activator-1.3.2\repository\com.google.code.findbugs\jsr305\2.0.3\jars\jsr305.jar;C:\Users\Rinok\.ivy2\cache\org.apache.tomcat\tomcat-servlet-api\jars\tomcat-servlet-api-8.0.5.jar;C:\Users\Rinok\.ivy2\cache\com.typesafe.play\play-java-jdbc_2.11\jars\play-java-jdbc_2.11-2.3.8.jar;C:\Users\Rinok\.ivy2\cache\com.typesafe.play\play-jdbc_2.11\jars\play-jdbc_2.11-2.3.8.jar;C:\Users\Rinok\.ivy2\cache\com.jolbox\bonecp\bundles\bonecp-0.8.0.RELEASE.jar;C:\Users\Rinok\Desktop\activator-1.3.2\repository\com.h2database\h2\1.3.175\jars\h2.jar;C:\Users\Rinok\.ivy2\cache\tyrex\tyrex\jars\tyrex-1.0.1.jar;C:\Users\Rinok\.ivy2\cache\com.typesafe.play\play-java-ebean_2.11\jars\play-java-ebean_2.11-2.3.8.jar;C:\Users\Rinok\.ivy2\cache\org.avaje.ebeanorm\avaje-ebeanorm\jars\avaje-ebeanorm-3.3.4.jar;C:\Users\Rinok\Desktop\activator-1.3.2\repository\org.avaje.ebeanorm\avaje-ebeanorm-agent\3.2.2\jars\avaje-ebeanorm-agent.jar;C:\Users\Rinok\.ivy2\cache\org.hibernate.javax.persistence\hibernate-jpa-2.0-api\jars\hibernate-jpa-2.0-api-1.0.1.Final.jar;C:\Users\Rinok\.ivy2\cache\com.typesafe.play\play-cache_2.11\jars\play-cache_2.11-2.3.8.jar;C:\Users\Rinok\.ivy2\cache\net.sf.ehcache\ehcache-core\jars\ehcache-core-2.6.8.jar;C:\Users\Rinok\.ivy2\cache\com.typesafe.play\play-java-ws_2.11\jars\play-java-ws_2.11-2.3.8.jar;C:\Users\Rinok\.ivy2\cache\com.typesafe.play\play-ws_2.11\jars\play-ws_2.11-2.3.8.jar;C:\Users\Rinok\.ivy2\cache\com.ning\async-http-client\jars\async-http-client-1.8.15.jar;C:\Users\Rinok\.ivy2\cache\oauth.signpost\signpost-core\jars\signpost-core-1.2.1.2.jar;C:\Users\Rinok\.ivy2\cache\oauth.signpost\signpost-commonshttp4\jars\signpost-commonshttp4-1.2.1.2.jar;C:\Users\Rinok\Desktop\activator-1.3.2\repository\org.apache.httpcomponents\httpcore\4.0.1\jars\httpcore.jar;C:\Users\Rinok\Desktop\activator-1.3.2\repository\org.apache.httpcomponents\httpclient\4.0.1\jars\httpclient.jar;C:\Users\Rinok\.ivy2\cache\commons-logging\commons-logging\jars\commons-logging-1.1.1.jar;C:\Users\Rinok\.ivy2\cache\org.reactivemongo\play2-reactivemongo_2.11\jars\play2-reactivemongo_2.11-0.10.5.0.akka23.jar;C:\Users\Rinok\.ivy2\cache\org.reactivemongo\reactivemongo_2.11\jars\reactivemongo_2.11-0.10.5.0.akka23.jar;C:\Users\Rinok\.ivy2\cache\org.reactivemongo\reactivemongo-bson-macros_2.11\jars\reactivemongo-bson-macros_2.11-0.10.5.0.akka23.jar;C:\Users\Rinok\Desktop\activator-1.3.2\repository\org.scala-lang\scala-compiler\2.11.2\jars\scala-compiler.jar;C:\Users\Rinok\Desktop\activator-1.3.2\repository\org.scala-lang\scala-reflect\2.11.2\jars\scala-reflect.jar;C:\Users\Rinok\.ivy2\cache\org.scala-lang.modules\scala-xml_2.11\bundles\scala-xml_2.11-1.0.2.jar;C:\Users\Rinok\.ivy2\cache\org.scala-lang.modules\scala-parser-combinators_2.11\bundles\scala-parser-combinators_2.11-1.0.2.jar;C:\Users\Rinok\.ivy2\cache\org.reactivemongo\reactivemongo-bson_2.11\jars\reactivemongo-bson_2.11-0.10.5.0.akka23.jar;C:\Users\Rinok\.ivy2\cache\com.typesafe.akka\akka-actor_2.11\jars\akka-actor_2.11-2.3.6.jar;C:\Users\Rinok\.ivy2\cache\org.apache.logging.log4j\log4j-api\jars\log4j-api-2.0.2.jar;C:\Users\Rinok\.ivy2\cache\org.apache.logging.log4j\log4j-core\jars\log4j-core-2.0.2.jar;C:\Users\Rinok\.ivy2\cache\org.apache.logging.log4j\log4j-to-slf4j\jars\log4j-to-slf4j-2.0.2.jar;C:\Users\Rinok\Desktop\activator-1.3.2\repository\org.slf4j\slf4j-api\1.7.7\jars\slf4j-api.jar
Scala compilation took 1.079180754 s
Attempting to call com.sun.tools.javac.api.JavacTool@234580f1 directly...
Java compilation took 0.184428224 s
Java analysis took 0.006945935 s
Java compile + analysis took 0.206132026 s
Invalidating C:\Trivial5a\WebTrivial5a\target\scala-2.11\src_managed\main\routes_reverseRouting.scala...
Invalidating (transitively) by inheritance from C:\Trivial5a\WebTrivial5a\target\scala-2.11\src_managed\main\routes_reverseRouting.scala...
Initial set of included nodes: Set(C:\Trivial5a\WebTrivial5a\target\scala-2.11\src_managed\main\routes_reverseRouting.scala)
Invalidated by transitive inheritance dependency: Set(C:\Trivial5a\WebTrivial5a\target\scala-2.11\src_managed\main\routes_reverseRouting.scala)
The C:\Trivial5a\WebTrivial5a\target\scala-2.11\src_managed\main\routes_reverseRouting.scala source file has the following regular definitions changed:
	notify, wait, $asInstanceOf, equals, asInstanceOf, synchronized, $isInstanceOf, notifyAll, isInstanceOf, <init>, ==, clone, toString, !=, getClass, ne, eq, ReverseApplication, ##, finalize, index, hashCode.
All member reference dependencies will be considered within this context.
The following modified names cause invalidation of C:\Trivial5a\WebTrivial5a\target\scala-2.11\twirl\main\views\html\main.template.scala: Set(<init>)
New invalidations:
	Set(C:\Trivial5a\WebTrivial5a\target\scala-2.11\twirl\main\views\html\main.template.scala)
Initial set of included nodes: Set(C:\Trivial5a\WebTrivial5a\target\scala-2.11\twirl\main\views\html\main.template.scala)
Including C:\Trivial5a\WebTrivial5a\target\scala-2.11\twirl\main\views\html\index.template.scala by C:\Trivial5a\WebTrivial5a\target\scala-2.11\twirl\main\views\html\main.template.scala
Previously invalidated, but (transitively) depend on new invalidations:
	Set()
All newly invalidated sources after taking into account (previously) recompiled sources:Set(C:\Trivial5a\WebTrivial5a\target\scala-2.11\twirl\main\views\html\main.template.scala)
Read from stdout: Compiling 1 Scala source to C:\Trivial5a\WebTrivial5a\target\scala-2.11\classes...
Compiling 1 Scala source to C:\Trivial5a\WebTrivial5a\target\scala-2.11\classes...
Getting compiler-interface from component compiler for Scala 2.11.1
Other repositories:
Default repositories:
Getting compiler-interface from component compiler for Scala 2.11.1
Other repositories:
Default repositories:
Running cached compiler 661b2cbe, interfacing (CompilerInterface) with Scala compiler version 2.11.1
Calling Scala compiler with arguments  (CompilerInterface):
	-deprecation
	-unchecked
	-encoding
	utf8
	-bootclasspath
	C:\Program Files\Java\jdk1.8.0_20\jre\lib\resources.jar;C:\Program Files\Java\jdk1.8.0_20\jre\lib\rt.jar;C:\Program Files\Java\jdk1.8.0_20\jre\lib\sunrsasign.jar;C:\Program Files\Java\jdk1.8.0_20\jre\lib\jsse.jar;C:\Program Files\Java\jdk1.8.0_20\jre\lib\jce.jar;C:\Program Files\Java\jdk1.8.0_20\jre\lib\charsets.jar;C:\Program Files\Java\jdk1.8.0_20\jre\lib\jfr.jar;C:\Program Files\Java\jdk1.8.0_20\jre\classes;C:\Users\Rinok\Desktop\activator-1.3.2\repository\org.scala-lang\scala-library\2.11.1\jars\scala-library.jar
	-classpath
	C:\Trivial5a\WebTrivial5a\target\scala-2.11\classes;C:\Users\Rinok\.ivy2\cache\com.typesafe.play\twirl-api_2.11\jars\twirl-api_2.11-1.0.2.jar;C:\Users\Rinok\.ivy2\cache\org.apache.commons\commons-lang3\jars\commons-lang3-3.1.jar;C:\Users\Rinok\.ivy2\cache\com.typesafe.play\play_2.11\jars\play_2.11-2.3.8.jar;C:\Users\Rinok\.ivy2\cache\com.typesafe.play\build-link\jars\build-link-2.3.8.jar;C:\Users\Rinok\.ivy2\cache\com.typesafe.play\play-exceptions\jars\play-exceptions-2.3.8.jar;C:\Users\Rinok\.ivy2\cache\com.typesafe.play\play-iteratees_2.11\jars\play-iteratees_2.11-2.3.8.jar;C:\Users\Rinok\.ivy2\cache\org.scala-stm\scala-stm_2.11\jars\scala-stm_2.11-0.7.jar;C:\Users\Rinok\.ivy2\cache\com.typesafe\config\bundles\config-1.2.1.jar;C:\Users\Rinok\.ivy2\cache\com.typesafe.play\play-json_2.11\jars\play-json_2.11-2.3.8.jar;C:\Users\Rinok\.ivy2\cache\com.typesafe.play\play-functional_2.11\jars\play-functional_2.11-2.3.8.jar;C:\Users\Rinok\.ivy2\cache\com.typesafe.play\play-datacommons_2.11\jars\play-datacommons_2.11-2.3.8.jar;C:\Users\Rinok\.ivy2\cache\joda-time\joda-time\jars\joda-time-2.3.jar;C:\Users\Rinok\.ivy2\cache\org.joda\joda-convert\jars\joda-convert-1.6.jar;C:\Users\Rinok\.ivy2\cache\com.fasterxml.jackson.core\jackson-annotations\bundles\jackson-annotations-2.3.2.jar;C:\Users\Rinok\.ivy2\cache\com.fasterxml.jackson.core\jackson-core\bundles\jackson-core-2.3.2.jar;C:\Users\Rinok\.ivy2\cache\com.fasterxml.jackson.core\jackson-databind\bundles\jackson-databind-2.3.2.jar;C:\Users\Rinok\.ivy2\cache\io.netty\netty\bundles\netty-3.9.3.Final.jar;C:\Users\Rinok\.ivy2\cache\com.typesafe.netty\netty-http-pipelining\jars\netty-http-pipelining-1.1.2.jar;C:\Users\Rinok\.ivy2\cache\org.slf4j\jul-to-slf4j\jars\jul-to-slf4j-1.7.6.jar;C:\Users\Rinok\.ivy2\cache\org.slf4j\jcl-over-slf4j\jars\jcl-over-slf4j-1.7.6.jar;C:\Users\Rinok\.ivy2\cache\ch.qos.logback\logback-core\jars\logback-core-1.1.1.jar;C:\Users\Rinok\.ivy2\cache\ch.qos.logback\logback-classic\jars\logback-classic-1.1.1.jar;C:\Users\Rinok\Desktop\activator-1.3.2\repository\com.typesafe.akka\akka-slf4j_2.11\2.3.4\jars\akka-slf4j_2.11.jar;C:\Users\Rinok\.ivy2\cache\commons-codec\commons-codec\jars\commons-codec-1.9.jar;C:\Users\Rinok\.ivy2\cache\xerces\xercesImpl\jars\xercesImpl-2.11.0.jar;C:\Users\Rinok\.ivy2\cache\xml-apis\xml-apis\jars\xml-apis-1.4.01.jar;C:\Users\Rinok\.ivy2\cache\javax.transaction\jta\jars\jta-1.1.jar;C:\Users\Rinok\.ivy2\cache\com.typesafe.play\play-java_2.11\jars\play-java_2.11-2.3.8.jar;C:\Users\Rinok\.ivy2\cache\org.yaml\snakeyaml\bundles\snakeyaml-1.13.jar;C:\Users\Rinok\.ivy2\cache\org.hibernate\hibernate-validator\jars\hibernate-validator-5.0.3.Final.jar;C:\Users\Rinok\.ivy2\cache\javax.validation\validation-api\jars\validation-api-1.1.0.Final.jar;C:\Users\Rinok\.ivy2\cache\com.fasterxml\classmate\bundles\classmate-1.0.0.jar;C:\Users\Rinok\.ivy2\cache\org.jboss.logging\jboss-logging\jars\jboss-logging-3.2.0.Final.jar;C:\Users\Rinok\.ivy2\cache\org.springframework\spring-context\jars\spring-context-4.0.3.RELEASE.jar;C:\Users\Rinok\.ivy2\cache\org.springframework\spring-core\jars\spring-core-4.0.3.RELEASE.jar;C:\Users\Rinok\.ivy2\cache\org.springframework\spring-beans\jars\spring-beans-4.0.3.RELEASE.jar;C:\Users\Rinok\.ivy2\cache\org.javassist\javassist\bundles\javassist-3.19.0-GA.jar;C:\Users\Rinok\.ivy2\cache\org.reflections\reflections\jars\reflections-0.9.8.jar;C:\Users\Rinok\.ivy2\cache\com.google.guava\guava\bundles\guava-16.0.1.jar;C:\Users\Rinok\.ivy2\cache\dom4j\dom4j\jars\dom4j-1.6.1.jar;C:\Users\Rinok\Desktop\activator-1.3.2\repository\com.google.code.findbugs\jsr305\2.0.3\jars\jsr305.jar;C:\Users\Rinok\.ivy2\cache\org.apache.tomcat\tomcat-servlet-api\jars\tomcat-servlet-api-8.0.5.jar;C:\Users\Rinok\.ivy2\cache\com.typesafe.play\play-java-jdbc_2.11\jars\play-java-jdbc_2.11-2.3.8.jar;C:\Users\Rinok\.ivy2\cache\com.typesafe.play\play-jdbc_2.11\jars\play-jdbc_2.11-2.3.8.jar;C:\Users\Rinok\.ivy2\cache\com.jolbox\bonecp\bundles\bonecp-0.8.0.RELEASE.jar;C:\Users\Rinok\Desktop\activator-1.3.2\repository\com.h2database\h2\1.3.175\jars\h2.jar;C:\Users\Rinok\.ivy2\cache\tyrex\tyrex\jars\tyrex-1.0.1.jar;C:\Users\Rinok\.ivy2\cache\com.typesafe.play\play-java-ebean_2.11\jars\play-java-ebean_2.11-2.3.8.jar;C:\Users\Rinok\.ivy2\cache\org.avaje.ebeanorm\avaje-ebeanorm\jars\avaje-ebeanorm-3.3.4.jar;C:\Users\Rinok\Desktop\activator-1.3.2\repository\org.avaje.ebeanorm\avaje-ebeanorm-agent\3.2.2\jars\avaje-ebeanorm-agent.jar;C:\Users\Rinok\.ivy2\cache\org.hibernate.javax.persistence\hibernate-jpa-2.0-api\jars\hibernate-jpa-2.0-api-1.0.1.Final.jar;C:\Users\Rinok\.ivy2\cache\com.typesafe.play\play-cache_2.11\jars\play-cache_2.11-2.3.8.jar;C:\Users\Rinok\.ivy2\cache\net.sf.ehcache\ehcache-core\jars\ehcache-core-2.6.8.jar;C:\Users\Rinok\.ivy2\cache\com.typesafe.play\play-java-ws_2.11\jars\play-java-ws_2.11-2.3.8.jar;C:\Users\Rinok\.ivy2\cache\com.typesafe.play\play-ws_2.11\jars\play-ws_2.11-2.3.8.jar;C:\Users\Rinok\.ivy2\cache\com.ning\async-http-client\jars\async-http-client-1.8.15.jar;C:\Users\Rinok\.ivy2\cache\oauth.signpost\signpost-core\jars\signpost-core-1.2.1.2.jar;C:\Users\Rinok\.ivy2\cache\oauth.signpost\signpost-commonshttp4\jars\signpost-commonshttp4-1.2.1.2.jar;C:\Users\Rinok\Desktop\activator-1.3.2\repository\org.apache.httpcomponents\httpcore\4.0.1\jars\httpcore.jar;C:\Users\Rinok\Desktop\activator-1.3.2\repository\org.apache.httpcomponents\httpclient\4.0.1\jars\httpclient.jar;C:\Users\Rinok\.ivy2\cache\commons-logging\commons-logging\jars\commons-logging-1.1.1.jar;C:\Users\Rinok\.ivy2\cache\org.reactivemongo\play2-reactivemongo_2.11\jars\play2-reactivemongo_2.11-0.10.5.0.akka23.jar;C:\Users\Rinok\.ivy2\cache\org.reactivemongo\reactivemongo_2.11\jars\reactivemongo_2.11-0.10.5.0.akka23.jar;C:\Users\Rinok\.ivy2\cache\org.reactivemongo\reactivemongo-bson-macros_2.11\jars\reactivemongo-bson-macros_2.11-0.10.5.0.akka23.jar;C:\Users\Rinok\Desktop\activator-1.3.2\repository\org.scala-lang\scala-compiler\2.11.2\jars\scala-compiler.jar;C:\Users\Rinok\Desktop\activator-1.3.2\repository\org.scala-lang\scala-reflect\2.11.2\jars\scala-reflect.jar;C:\Users\Rinok\.ivy2\cache\org.scala-lang.modules\scala-xml_2.11\bundles\scala-xml_2.11-1.0.2.jar;C:\Users\Rinok\.ivy2\cache\org.scala-lang.modules\scala-parser-combinators_2.11\bundles\scala-parser-combinators_2.11-1.0.2.jar;C:\Users\Rinok\.ivy2\cache\org.reactivemongo\reactivemongo-bson_2.11\jars\reactivemongo-bson_2.11-0.10.5.0.akka23.jar;C:\Users\Rinok\.ivy2\cache\com.typesafe.akka\akka-actor_2.11\jars\akka-actor_2.11-2.3.6.jar;C:\Users\Rinok\.ivy2\cache\org.apache.logging.log4j\log4j-api\jars\log4j-api-2.0.2.jar;C:\Users\Rinok\.ivy2\cache\org.apache.logging.log4j\log4j-core\jars\log4j-core-2.0.2.jar;C:\Users\Rinok\.ivy2\cache\org.apache.logging.log4j\log4j-to-slf4j\jars\log4j-to-slf4j-2.0.2.jar;C:\Users\Rinok\Desktop\activator-1.3.2\repository\org.slf4j\slf4j-api\1.7.7\jars\slf4j-api.jar
Scala compilation took 0.594051522 s
New invalidations:
	Set()
Initial set of included nodes: Set()
Previously invalidated, but (transitively) depend on new invalidations:
	Set()
All newly invalidated sources after taking into account (previously) recompiled sources:Set()
Copy resource mappings: 
	(C:\Trivial5a\WebTrivial5a\conf\application.conf,C:\Trivial5a\WebTrivial5a\target\scala-2.11\classes\application.conf)
	(C:\Trivial5a\WebTrivial5a\conf\play.conf,C:\Trivial5a\WebTrivial5a\target\scala-2.11\classes\play.conf)
	(C:\Trivial5a\WebTrivial5a\conf\routes,C:\Trivial5a\WebTrivial5a\target\scala-2.11\classes\routes)
Total time: 3 s, completed 14-abr-2015 16:21:23
> server-post-command-cleanup
> server-handle-next-server-request
> compile
Evaluating tasks: compile:compile
Running task... Cancel: sbt.server.ServerTaskCancellation@1067e705, check cycles: false
Invalidating C:\Trivial5a\WebTrivial5a\target\scala-2.11\classes\controllers\routes.class: stamp changed from lastModified(1429021163086) to lastModified(1429021282439)

Initial source changes: 
	removed:Set()
	added: Set()
	modified: Set()
Removed products: Set()
External API changes: API Changes: Set()
Modified binary dependencies: Set(C:\Trivial5a\WebTrivial5a\target\scala-2.11\classes\controllers\routes.class)
Initial directly invalidated sources: Set()

Sources indirectly invalidated by:
	product: Set()
	binary dep: Set(C:\Trivial5a\WebTrivial5a\target\scala-2.11\twirl\main\views\html\main.template.scala)
	external source: Set()
All initially invalidated sources: Set(C:\Trivial5a\WebTrivial5a\target\scala-2.11\twirl\main\views\html\main.template.scala)

Read from stdout: Compiling 1 Scala source to C:\Trivial5a\WebTrivial5a\target\scala-2.11\classes...
Compiling 1 Scala source to C:\Trivial5a\WebTrivial5a\target\scala-2.11\classes...
Getting compiler-interface from component compiler for Scala 2.11.1
Other repositories:
Default repositories:
Getting compiler-interface from component compiler for Scala 2.11.1
Other repositories:
Default repositories:
Running cached compiler 46901749, interfacing (CompilerInterface) with Scala compiler version 2.11.1
Calling Scala compiler with arguments  (CompilerInterface):
	-deprecation
	-unchecked
	-encoding
	utf8
	-bootclasspath
	C:\Program Files\Java\jdk1.8.0_20\jre\lib\resources.jar;C:\Program Files\Java\jdk1.8.0_20\jre\lib\rt.jar;C:\Program Files\Java\jdk1.8.0_20\jre\lib\sunrsasign.jar;C:\Program Files\Java\jdk1.8.0_20\jre\lib\jsse.jar;C:\Program Files\Java\jdk1.8.0_20\jre\lib\jce.jar;C:\Program Files\Java\jdk1.8.0_20\jre\lib\charsets.jar;C:\Program Files\Java\jdk1.8.0_20\jre\lib\jfr.jar;C:\Program Files\Java\jdk1.8.0_20\jre\classes;C:\Users\Rinok\Desktop\activator-1.3.2\repository\org.scala-lang\scala-library\2.11.1\jars\scala-library.jar
	-classpath
	C:\Trivial5a\WebTrivial5a\target\scala-2.11\classes;C:\Users\Rinok\.ivy2\cache\com.typesafe.play\twirl-api_2.11\jars\twirl-api_2.11-1.0.2.jar;C:\Users\Rinok\.ivy2\cache\org.apache.commons\commons-lang3\jars\commons-lang3-3.1.jar;C:\Users\Rinok\.ivy2\cache\com.typesafe.play\play_2.11\jars\play_2.11-2.3.8.jar;C:\Users\Rinok\.ivy2\cache\com.typesafe.play\build-link\jars\build-link-2.3.8.jar;C:\Users\Rinok\.ivy2\cache\com.typesafe.play\play-exceptions\jars\play-exceptions-2.3.8.jar;C:\Users\Rinok\.ivy2\cache\com.typesafe.play\play-iteratees_2.11\jars\play-iteratees_2.11-2.3.8.jar;C:\Users\Rinok\.ivy2\cache\org.scala-stm\scala-stm_2.11\jars\scala-stm_2.11-0.7.jar;C:\Users\Rinok\.ivy2\cache\com.typesafe\config\bundles\config-1.2.1.jar;C:\Users\Rinok\.ivy2\cache\com.typesafe.play\play-json_2.11\jars\play-json_2.11-2.3.8.jar;C:\Users\Rinok\.ivy2\cache\com.typesafe.play\play-functional_2.11\jars\play-functional_2.11-2.3.8.jar;C:\Users\Rinok\.ivy2\cache\com.typesafe.play\play-datacommons_2.11\jars\play-datacommons_2.11-2.3.8.jar;C:\Users\Rinok\.ivy2\cache\joda-time\joda-time\jars\joda-time-2.3.jar;C:\Users\Rinok\.ivy2\cache\org.joda\joda-convert\jars\joda-convert-1.6.jar;C:\Users\Rinok\.ivy2\cache\com.fasterxml.jackson.core\jackson-annotations\bundles\jackson-annotations-2.3.2.jar;C:\Users\Rinok\.ivy2\cache\com.fasterxml.jackson.core\jackson-core\bundles\jackson-core-2.3.2.jar;C:\Users\Rinok\.ivy2\cache\com.fasterxml.jackson.core\jackson-databind\bundles\jackson-databind-2.3.2.jar;C:\Users\Rinok\.ivy2\cache\io.netty\netty\bundles\netty-3.9.3.Final.jar;C:\Users\Rinok\.ivy2\cache\com.typesafe.netty\netty-http-pipelining\jars\netty-http-pipelining-1.1.2.jar;C:\Users\Rinok\.ivy2\cache\org.slf4j\jul-to-slf4j\jars\jul-to-slf4j-1.7.6.jar;C:\Users\Rinok\.ivy2\cache\org.slf4j\jcl-over-slf4j\jars\jcl-over-slf4j-1.7.6.jar;C:\Users\Rinok\.ivy2\cache\ch.qos.logback\logback-core\jars\logback-core-1.1.1.jar;C:\Users\Rinok\.ivy2\cache\ch.qos.logback\logback-classic\jars\logback-classic-1.1.1.jar;C:\Users\Rinok\Desktop\activator-1.3.2\repository\com.typesafe.akka\akka-slf4j_2.11\2.3.4\jars\akka-slf4j_2.11.jar;C:\Users\Rinok\.ivy2\cache\commons-codec\commons-codec\jars\commons-codec-1.9.jar;C:\Users\Rinok\.ivy2\cache\xerces\xercesImpl\jars\xercesImpl-2.11.0.jar;C:\Users\Rinok\.ivy2\cache\xml-apis\xml-apis\jars\xml-apis-1.4.01.jar;C:\Users\Rinok\.ivy2\cache\javax.transaction\jta\jars\jta-1.1.jar;C:\Users\Rinok\.ivy2\cache\com.typesafe.play\play-java_2.11\jars\play-java_2.11-2.3.8.jar;C:\Users\Rinok\.ivy2\cache\org.yaml\snakeyaml\bundles\snakeyaml-1.13.jar;C:\Users\Rinok\.ivy2\cache\org.hibernate\hibernate-validator\jars\hibernate-validator-5.0.3.Final.jar;C:\Users\Rinok\.ivy2\cache\javax.validation\validation-api\jars\validation-api-1.1.0.Final.jar;C:\Users\Rinok\.ivy2\cache\com.fasterxml\classmate\bundles\classmate-1.0.0.jar;C:\Users\Rinok\.ivy2\cache\org.jboss.logging\jboss-logging\jars\jboss-logging-3.2.0.Final.jar;C:\Users\Rinok\.ivy2\cache\org.springframework\spring-context\jars\spring-context-4.0.3.RELEASE.jar;C:\Users\Rinok\.ivy2\cache\org.springframework\spring-core\jars\spring-core-4.0.3.RELEASE.jar;C:\Users\Rinok\.ivy2\cache\org.springframework\spring-beans\jars\spring-beans-4.0.3.RELEASE.jar;C:\Users\Rinok\.ivy2\cache\org.javassist\javassist\bundles\javassist-3.19.0-GA.jar;C:\Users\Rinok\.ivy2\cache\org.reflections\reflections\jars\reflections-0.9.8.jar;C:\Users\Rinok\.ivy2\cache\com.google.guava\guava\bundles\guava-16.0.1.jar;C:\Users\Rinok\.ivy2\cache\dom4j\dom4j\jars\dom4j-1.6.1.jar;C:\Users\Rinok\Desktop\activator-1.3.2\repository\com.google.code.findbugs\jsr305\2.0.3\jars\jsr305.jar;C:\Users\Rinok\.ivy2\cache\org.apache.tomcat\tomcat-servlet-api\jars\tomcat-servlet-api-8.0.5.jar;C:\Users\Rinok\.ivy2\cache\com.typesafe.play\play-java-jdbc_2.11\jars\play-java-jdbc_2.11-2.3.8.jar;C:\Users\Rinok\.ivy2\cache\com.typesafe.play\play-jdbc_2.11\jars\play-jdbc_2.11-2.3.8.jar;C:\Users\Rinok\.ivy2\cache\com.jolbox\bonecp\bundles\bonecp-0.8.0.RELEASE.jar;C:\Users\Rinok\Desktop\activator-1.3.2\repository\com.h2database\h2\1.3.175\jars\h2.jar;C:\Users\Rinok\.ivy2\cache\tyrex\tyrex\jars\tyrex-1.0.1.jar;C:\Users\Rinok\.ivy2\cache\com.typesafe.play\play-java-ebean_2.11\jars\play-java-ebean_2.11-2.3.8.jar;C:\Users\Rinok\.ivy2\cache\org.avaje.ebeanorm\avaje-ebeanorm\jars\avaje-ebeanorm-3.3.4.jar;C:\Users\Rinok\Desktop\activator-1.3.2\repository\org.avaje.ebeanorm\avaje-ebeanorm-agent\3.2.2\jars\avaje-ebeanorm-agent.jar;C:\Users\Rinok\.ivy2\cache\org.hibernate.javax.persistence\hibernate-jpa-2.0-api\jars\hibernate-jpa-2.0-api-1.0.1.Final.jar;C:\Users\Rinok\.ivy2\cache\com.typesafe.play\play-cache_2.11\jars\play-cache_2.11-2.3.8.jar;C:\Users\Rinok\.ivy2\cache\net.sf.ehcache\ehcache-core\jars\ehcache-core-2.6.8.jar;C:\Users\Rinok\.ivy2\cache\com.typesafe.play\play-java-ws_2.11\jars\play-java-ws_2.11-2.3.8.jar;C:\Users\Rinok\.ivy2\cache\com.typesafe.play\play-ws_2.11\jars\play-ws_2.11-2.3.8.jar;C:\Users\Rinok\.ivy2\cache\com.ning\async-http-client\jars\async-http-client-1.8.15.jar;C:\Users\Rinok\.ivy2\cache\oauth.signpost\signpost-core\jars\signpost-core-1.2.1.2.jar;C:\Users\Rinok\.ivy2\cache\oauth.signpost\signpost-commonshttp4\jars\signpost-commonshttp4-1.2.1.2.jar;C:\Users\Rinok\Desktop\activator-1.3.2\repository\org.apache.httpcomponents\httpcore\4.0.1\jars\httpcore.jar;C:\Users\Rinok\Desktop\activator-1.3.2\repository\org.apache.httpcomponents\httpclient\4.0.1\jars\httpclient.jar;C:\Users\Rinok\.ivy2\cache\commons-logging\commons-logging\jars\commons-logging-1.1.1.jar;C:\Users\Rinok\.ivy2\cache\org.reactivemongo\play2-reactivemongo_2.11\jars\play2-reactivemongo_2.11-0.10.5.0.akka23.jar;C:\Users\Rinok\.ivy2\cache\org.reactivemongo\reactivemongo_2.11\jars\reactivemongo_2.11-0.10.5.0.akka23.jar;C:\Users\Rinok\.ivy2\cache\org.reactivemongo\reactivemongo-bson-macros_2.11\jars\reactivemongo-bson-macros_2.11-0.10.5.0.akka23.jar;C:\Users\Rinok\Desktop\activator-1.3.2\repository\org.scala-lang\scala-compiler\2.11.2\jars\scala-compiler.jar;C:\Users\Rinok\Desktop\activator-1.3.2\repository\org.scala-lang\scala-reflect\2.11.2\jars\scala-reflect.jar;C:\Users\Rinok\.ivy2\cache\org.scala-lang.modules\scala-xml_2.11\bundles\scala-xml_2.11-1.0.2.jar;C:\Users\Rinok\.ivy2\cache\org.scala-lang.modules\scala-parser-combinators_2.11\bundles\scala-parser-combinators_2.11-1.0.2.jar;C:\Users\Rinok\.ivy2\cache\org.reactivemongo\reactivemongo-bson_2.11\jars\reactivemongo-bson_2.11-0.10.5.0.akka23.jar;C:\Users\Rinok\.ivy2\cache\com.typesafe.akka\akka-actor_2.11\jars\akka-actor_2.11-2.3.6.jar;C:\Users\Rinok\.ivy2\cache\org.apache.logging.log4j\log4j-api\jars\log4j-api-2.0.2.jar;C:\Users\Rinok\.ivy2\cache\org.apache.logging.log4j\log4j-core\jars\log4j-core-2.0.2.jar;C:\Users\Rinok\.ivy2\cache\org.apache.logging.log4j\log4j-to-slf4j\jars\log4j-to-slf4j-2.0.2.jar;C:\Users\Rinok\Desktop\activator-1.3.2\repository\org.slf4j\slf4j-api\1.7.7\jars\slf4j-api.jar
Scala compilation took 0.646208902 s
New invalidations:
	Set()
Initial set of included nodes: Set()
Previously invalidated, but (transitively) depend on new invalidations:
	Set()
All newly invalidated sources after taking into account (previously) recompiled sources:Set()
Total time: 1 s, completed 14-abr-2015 16:21:39
> server-post-command-cleanup
> server-handle-next-server-request
